{"/Users/aldo/Desktop/CURSOS/test/my-package/libs/calculator.js": {"path":"/Users/aldo/Desktop/CURSOS/test/my-package/libs/calculator.js","statementMap":{"0":{"start":{"line":1,"column":19},"end":{"line":24,"column":1}},"1":{"start":{"line":3,"column":4},"end":{"line":5,"column":5}},"2":{"start":{"line":4,"column":6},"end":{"line":4,"column":19}},"3":{"start":{"line":6,"column":4},"end":{"line":6,"column":19}},"4":{"start":{"line":9,"column":4},"end":{"line":11,"column":5}},"5":{"start":{"line":10,"column":6},"end":{"line":10,"column":17}},"6":{"start":{"line":12,"column":4},"end":{"line":12,"column":19}},"7":{"start":{"line":15,"column":4},"end":{"line":20,"column":5}},"8":{"start":{"line":16,"column":6},"end":{"line":18,"column":7}},"9":{"start":{"line":17,"column":8},"end":{"line":17,"column":44}},"10":{"start":{"line":19,"column":6},"end":{"line":19,"column":19}},"11":{"start":{"line":21,"column":5},"end":{"line":21,"column":20}},"12":{"start":{"line":26,"column":0},"end":{"line":26,"column":28}}},"fnMap":{"0":{"name":"(anonymous_0)","decl":{"start":{"line":2,"column":7},"end":{"line":2,"column":8}},"loc":{"start":{"line":2,"column":17},"end":{"line":7,"column":3}},"line":2},"1":{"name":"(anonymous_1)","decl":{"start":{"line":8,"column":7},"end":{"line":8,"column":8}},"loc":{"start":{"line":8,"column":17},"end":{"line":13,"column":3}},"line":8},"2":{"name":"(anonymous_2)","decl":{"start":{"line":14,"column":7},"end":{"line":14,"column":8}},"loc":{"start":{"line":14,"column":17},"end":{"line":22,"column":3}},"line":14}},"branchMap":{"0":{"loc":{"start":{"line":3,"column":4},"end":{"line":5,"column":5}},"type":"if","locations":[{"start":{"line":3,"column":4},"end":{"line":5,"column":5}},{"start":{"line":3,"column":4},"end":{"line":5,"column":5}}],"line":3},"1":{"loc":{"start":{"line":3,"column":7},"end":{"line":3,"column":55}},"type":"binary-expr","locations":[{"start":{"line":3,"column":7},"end":{"line":3,"column":29}},{"start":{"line":3,"column":33},"end":{"line":3,"column":55}}],"line":3},"2":{"loc":{"start":{"line":9,"column":4},"end":{"line":11,"column":5}},"type":"if","locations":[{"start":{"line":9,"column":4},"end":{"line":11,"column":5}},{"start":{"line":9,"column":4},"end":{"line":11,"column":5}}],"line":9},"3":{"loc":{"start":{"line":9,"column":7},"end":{"line":9,"column":53}},"type":"binary-expr","locations":[{"start":{"line":9,"column":7},"end":{"line":9,"column":28}},{"start":{"line":9,"column":32},"end":{"line":9,"column":53}}],"line":9},"4":{"loc":{"start":{"line":15,"column":4},"end":{"line":20,"column":5}},"type":"if","locations":[{"start":{"line":15,"column":4},"end":{"line":20,"column":5}},{"start":{"line":15,"column":4},"end":{"line":20,"column":5}}],"line":15},"5":{"loc":{"start":{"line":15,"column":7},"end":{"line":15,"column":54}},"type":"binary-expr","locations":[{"start":{"line":15,"column":7},"end":{"line":15,"column":28}},{"start":{"line":15,"column":32},"end":{"line":15,"column":54}}],"line":15},"6":{"loc":{"start":{"line":16,"column":6},"end":{"line":18,"column":7}},"type":"if","locations":[{"start":{"line":16,"column":6},"end":{"line":18,"column":7}},{"start":{"line":16,"column":6},"end":{"line":18,"column":7}}],"line":16}},"s":{"0":1,"1":3,"2":2,"3":1,"4":2,"5":1,"6":1,"7":3,"8":2,"9":1,"10":1,"11":1,"12":1},"f":{"0":3,"1":2,"2":3},"b":{"0":[2,1],"1":[3,2],"2":[1,1],"3":[2,1],"4":[2,1],"5":[3,2],"6":[1,1]},"_coverageSchema":"43e27e138ebf9cfc5966b082cf9a028302ed4184","hash":"40e96e2ae8ea197f419b95e5b75ed681e4639fb3"}
}
