TN:
SF:/Users/aldo/Desktop/CURSOS/test/my-package/libs/calculator.js
FN:2,(anonymous_0)
FN:8,(anonymous_1)
FN:14,(anonymous_2)
FNF:3
FNH:3
FNDA:3,(anonymous_0)
FNDA:2,(anonymous_1)
FNDA:3,(anonymous_2)
DA:1,1
DA:3,3
DA:4,2
DA:6,1
DA:9,2
DA:10,1
DA:12,1
DA:15,3
DA:16,2
DA:17,1
DA:19,1
DA:21,1
DA:26,1
LF:13
LH:13
BRDA:3,0,0,2
BRDA:3,0,1,1
BRDA:3,1,0,3
BRDA:3,1,1,2
BRDA:9,2,0,1
BRDA:9,2,1,1
BRDA:9,3,0,2
BRDA:9,3,1,1
BRDA:15,4,0,2
BRDA:15,4,1,1
BRDA:15,5,0,3
BRDA:15,5,1,2
BRDA:16,6,0,1
BRDA:16,6,1,1
BRF:14
BRH:14
end_of_record
